\o Program:		@(#)$CDS: libManager version 6.1.7 - CAT35 07/19/2018 21:10 (sjfnl053) $
\o Sub version:		sub-version  s221 
\o Arguments:		-unmapped -mpssession virtuoso41460 -mpshost selsrv2.epfl.ch 
\o Working Directory:	selsrv2.epfl.ch:/home/edauser85/2022_project/CDS_VISIO
\o 64-bit offsets
\o Qt version: 		4.8.5
\o changeWorkingDir("/home/edauser85/2022_project/CDS_VISIO") unnecessary.
\o ddSetForcedLib("") unnecessary.
\o Log file is "/home/edauser85/2022_project/CDS_VISIO/libManager.log".
\o Opening libManager window.
\a nrSetWindowVisibility(cdsLibManager "show")
\o MPS service: map window
\o Library Manager customization server connected.
\a nrSetCurrentWindow(cdsLibManager)
\a nrResizeWindow(cdsLibManager list(-10 -8 1440 749))
\w Warning: The directory: '/home/edauser85/2022_project/CDS_VISIO/Seevinck_SNM_tb' does not exist
\w 	but was defined in libFile '/home/edauser85/2022_project/CDS_VISIO/environment.lib' for Lib 'Seevinck_SNM_tb'.
\w Warning: The directory: '/home/edauser85/2022_project/CDS_VISIO/ex3' does not exist
\w 	but was defined in libFile '/home/edauser85/2022_project/CDS_VISIO/environment.lib' for Lib 'ex3'.
\a cdsLibManager->libListBox->value = "project_pex"
\a cdsLibManager->libLineEdit->value = "project_pex"
\a cdsLibManager->libListBox->value = "project_4x"
\a cdsLibManager->libLineEdit->value = "project_4x"
\a cdsLibManager->cellListBox->value = "RowDecoder_256_4xP_TB"
\a cdsLibManager->cellLineEdit->value = "RowDecoder_256_4xP_TB"
\a cdsLibManager->viewListBox->value = "adexl"
\a cdsLibManager->viewLineEdit->value = "adexl"
\o MPS request: edit design
\a nrListItemAction(cdsLibManager->gdmXTView 0 0)
\a cdsLibManager->libListBox->value = nil
\a cdsLibManager->libLineEdit->value = ""
\a cdsLibManager->cellListBox->value = nil
\a cdsLibManager->viewLineEdit->value = ""
\a cdsLibManager->viewListBox->value = nil
\a cdsLibManager->cellLineEdit->value = ""
\w Warning: The directory: '/home/edauser85/2022_project/CDS_VISIO/Seevinck_SNM_tb' does not exist
\w 	but was defined in libFile '/home/edauser85/2022_project/CDS_VISIO/environment.lib' for Lib 'Seevinck_SNM_tb'.
\w Warning: The directory: '/home/edauser85/2022_project/CDS_VISIO/ex3' does not exist
\w 	but was defined in libFile '/home/edauser85/2022_project/CDS_VISIO/environment.lib' for Lib 'ex3'.
\a cdsLibManager->libListBox->value = "project_4x"
\a cdsLibManager->libLineEdit->value = "project_4x"
\a cdsLibManager->cellListBox->value = "RowDecoder_256_4xP_TB"
\a cdsLibManager->cellLineEdit->value = "RowDecoder_256_4xP_TB"
\a cdsLibManager->viewListBox->value = "adexl"
\a cdsLibManager->viewLineEdit->value = "adexl"
\a cdsLibManager->viewLineEdit->value = ""
\a cdsLibManager->viewListBox->value = nil
\a cdsLibManager->viewListBox->value = "adexl"
\a cdsLibManager->viewLineEdit->value = "adexl"
\a _lmgrCloseIconify("cdsLibManager" 1)
\o MPS service: shutdown
\o libManager is exiting.
\a nrSetWindowVisibility(cdsLibManager "hide")
\a exit(0)
