*Info*    Exporting services from client ... 

*Info*    Client has finished starting ... 



*Info*    Configuring the session ...

	Library      = project_4x
	Cell         = RowDecoder_256_4xP_TB
	View         = schematic
	Simulator    = spectre
	State Path   = $AXL_SETUPDB_DIR/test_states
	State Name   = project_4x:RowDecoder_256_4xP_TB:1_none_Interactive.73
	Results DB   = /home/edauser85/2022_project/CDS_VISIO/project_4x/RowDecoder_256_4xP_TB/adexl/results/data/Interactive.73.rdb
	Results Dir  = /home/edauser85/2022_project/CDS_VISIO/Sim/project_4x/RowDecoder_256_4xP_TB/adexl/results/data/Interactive.73/1/project_4x:RowDecoder_256_4xP_TB:1
	Results Loc  = /home/edauser85/2022_project/CDS_VISIO/Sim/project_4x/RowDecoder_256_4xP_TB/adexl/results/data
	Project Dir  = /home/edauser85/2022_project/CDS_VISIO/Sim
	Setup DB loc = /home/edauser85/2022_project/CDS_VISIO/project_4x/RowDecoder_256_4xP_TB/adexl
	File Encoding = 0



*Info*    The auto suspension is disabled.






*Info*    Run start for Point ID (2 1) on testbench [
          project_4x:RowDecoder_256_4xP_TB:1 ].

Resetting statistical vars

*Info*    Setting parameter values ...

Setting var post_inv_gamma = "19"
Setting var post_nand_gamma = "8"
Setting var pre_inv1_gamma = "4"
Setting var pre_inv2_gamma = "33"
Setting var pre_nand1_gamma = "1"
Setting var pre_nand2_gamma = "10"
Setting temp(T) = 27

*Info*    Netlist Directory =
          /home/edauser85/2022_project/CDS_VISIO/Sim/project_4x/RowDecoder_256_4xP_TB/adexl/results/data/Interactive.73/1/project_4x:RowDecoder_256_4xP_TB:1/netlist


*Info*    Data Directory    =
          /home/edauser85/2022_project/CDS_VISIO/Sim/project_4x/RowDecoder_256_4xP_TB/adexl/results/data/Interactive.73/1/project_4x:RowDecoder_256_4xP_TB:1


*Info*    Creating Netlist for Point ID (2 1)

generate netlist...
Begin Incremental Netlisting Dec 21 17:36:33 2022
End netlisting Dec 21 17:36:33 2022

Netlisting Statistics:
	Number of components:  324

	Elapsed time:          0.0s
Errors: 0	Warnings: 0
      ...successful.
compose simulator input file...
      ...successful.

*Info*    Running simulation on testbench [
          project_4x:RowDecoder_256_4xP_TB:1 ] for Point ID (2 1).

Delete psf data in /home/edauser85/2022_project/CDS_VISIO/Sim/project_4x/RowDecoder_256_4xP_TB/adexl/results/data/Interactive.73/1/project_4x:RowDecoder_256_4xP_TB:1/psf.
compose simulator input file...
      ...successful.
start simulator if needed...
      ...successful.
simulate...
To view the simulator output, right-click on the test name, result 
name, or any value in the "Results" tab of the Outputs section and 
choose "Output Log" menu option.
INFO (ADE-3071): Simulation completed successfully.
reading simulation data...
      ...successful.
*Info*    Client has finished evaluating ... 


*Info*    Run complete for Point ID (2 1) on testbench [
          project_4x:RowDecoder_256_4xP_TB:1 ].





Simulation design variables differ from those on the cellView,
they have been saved in the file "/tmp/saved-design-variables8".
To save future changes, copy variables to cellView before exiting.
